<?xml version="1.0" encoding="utf-8"?><testsuites name="pytest tests"><testsuite name="pytest" errors="0" failures="0" skipped="0" tests="5" time="1.002" timestamp="2026-07-24T10:08:29.253338+00:00" hostname="agent-env-6551b608-6643-4c20-a320-785c9b1fa15b"><testcase classname="tests.test_sbc_api" name="test_root" time="0.262" /><testcase classname="tests.test_sbc_api" name="test_contact_create_and_persist" time="0.099" /><testcase classname="tests.test_sbc_api" name="test_contact_missing_required_fields" time="0.047" /><testcase classname="tests.test_sbc_api" name="test_contact_invalid_email" time="0.051" /><testcase classname="tests.test_sbc_api" name="test_contact_consent_default_false" time="0.045" /></testsuite></testsuites>